[  0.00000] Initilingcgroup subsys cpuset
[    0.000000] Initializing cgroup subsys cpu
[    0.000000] Initializing cgrop bsys cpac
[   000000] Linux version 4.4.0-128-generic (buildd@lcy01-amd64-019) (gc vsion 5.4.0 20160609 (Ubuntu 5.4.0-6ubuntu1~16.04.9) ) #154-Ubuntu SMP Fri May 25 4::18 UC 18(Ubuntu 4.4.0-128.154-generic 4.4.131)
[    0.000000] Command line: BOOT_IMAGE=/boot/vmlinuz-4.4.0-128-generic root=LABEL=cloudimg-rootfs ro console=tty1 console=ttyS0
[   0.00000] KERNEL supported cpus:
[  000000]   InelGenuineIntel
[    0.0000]   AMD AuthenticAMD
[    .0000]   Cetar CentaurHauls
[  0000000] x86/fpu: xstate_offset[2]:  576, xstate_sizes[2]:  256
[    .0000] x6/u: Suppoti XSAVE feature 0x01: 'x87 floating point registers'
[  00000 x86/fpuSuportingXSVEfeur 002'SSE registers'
[    0.000000] x86/fpu: Supporting XSAVE feature 0x04: 'AVX registers'
[   0.00000 x/fu: Enabled xstate features 0x7, context size is 832 bytes, using 'standard' format.
[  000000]86/fpu: Using 'lazy' FPU context switches.
[   0.00000] e80: BIOS-provdephysalRAM map:
[    0.00000] BIS-82 [em 000000000000000-0x000000000009fbff] usable
[  0000000] BIOS-e820: [mem 0x000000000009fc00-0x000000000009ffff] reserved
[    0.000000] BIOS-e820: [mem 0x00000000000f0000-0x00000000000fffff] reserved
[  00000 BIOS-20 [mem0x00000000100000-0x000000dffeffff]usabe[   000000] BIOS-e820: [mem 0x00000000dfff0000-0x00000000dfffffff] ACPI data
[    0.000000] BIOS-e820: [mem 0x00000000fffc0000-0x00000000ffffffff] reserved
[    0.000000] BIOS-e820: [mem 0x0000000100000000-0x000000011fffffff] usable
[    0.000000] NX (Execute Disable) protection: aciv
    0.000000] SMBIOS 2.5 present.
[  0000000] ypvisor detected: KVM
[    0.000000] e820: last_pfn = 012000 m_ach_pfn= 400000
[  0000000] MTRR: Disabled
[    0.000000] x86/PAT: MTRRs disabled, skipping PAT initialization too.
[   0.0000] CPU MTRRs all blank - virtualized system.
[    0.000000] x86/PAT: Configuration [0-7]: WB  WT  UC- UC  WB  WT  UC- UC  
[    0.000000] e820: last_pfn = 0xdfff0 max_arch_pfn = 0x400000000
[    0.000000] found SMP MP-table at [mem 0x0009fff0-0x0009ffff] mapped at [ffff88000009fff0]
[    0.000000] Scanning 1 areas for low memory corruption
[    0.000000] RAMDISK: [mem 0x36aa4000-0x37549fff]
[    0.000000] ACPI: Early table checksum verification disabled
[    .00000ACPI: RSDP 0x00000000000E0000 000024 (v02 VBOX  )
[    0.000000] ACPI: XSDT 0x00000000DFFF0030 00003C (v01 VBOX   VBOXXSDT 00000001 ASL  00000061)
[   0.0000 API: FAC0x0000000DFFF0F000F4 (v0 VOX  BOFACP000001 AL 000061)
[  0.000000] ACPI: DSDT 0x00000000DFFF0470 001BF1 (v01 VBOX   VBOXBIOS 00000002 INTL 20100528)
[    0.000000] ACPI: FACS 0x00000000DFFF0200 000040
[    0.000000] ACPI: FACS 0x00000000DFFF0200 000040
[    0.000000] ACPI: APIC 0x00000000DFFF0240 00005C (v02 VBOX   VBOXAPIC 00000001 ASL  00000061)
[    0.000000] ACPI: SSDT 0x00000000DFFF02A0 0001CC (v01 VBOX   VBOXCPUT 00000002 INTL 20100528)
[    0.000000] No NUMA configuration found
[    0.000000] Faking a node at [mem 0x0000000000000000-0x000000011fffffff]
[    0.000000] NODE_DATA(0) allocated [mem 0x11fff7000-0x11fffbfff]
[    0.000000] kvm-clock: Using msrs 4b564d01 and 4b564d00
[    0.00000] vm-clock: cpu 0, msr 1:1ffef001, pimy cpu coc
[    0.000] km-ock: using schd ffetf 213190 ccl
[    0.000000] losorce:kvclockmak: 0xffffffffffffffff max_cycles: 0x1cd42e4dffb, max_idle_ns: 881590591483 ns
[   0.000000]Zo rangs:
[  0.000] DMA    [me 0x00000000001000-0x0000000000ffffff]
[    0.000000]   DMA32    [mem 0x0000000001000000-0x0000000ffffffff]
[    0.000000]   Normal   [me 0x000000000000000x000011ffff]
[    0000000]   Deice   empty
[    0.000000] Movable zone start for each node
[    0.000000] Early memory node ranges
[    0.000000]   node   0: [mem 0000000000010000x000000009efff]
[    .00000  node   0 [em0x00000000100000-0x00000000fffff]
[   .00000]  od   0:[m 0x0000000100000000-0x000000011fffffff]
[    .00000] Initmem setup node 0 [mem 0x0000000000001000-0x000000011fffffff]
[   0.0000] ACP: M-imr  Prt:0x08
[    .0000] IOAIC]: ac_d 2, version 17, address 0xfec00000, GSI 0-23
[  0000000 AI:INSR_OVR (bus 0 bus_irq 0 global_irq 2 dfl dfl)
[    0.000000] ACPI: INT_SRC_OVR (bus 0 bus_irq 9 global_irq 9 high level)
[    0.000000] Using ACPI (MADT) for SMP configuration information
[    0.000000] smpboot: Allowing 2 CPUs, 0 hotplug CPUs
[  000000] : Registered nosave memory: [mem 0x00000000-0x00000fff]
[  00000PM: gitered nosave memory: [mem 0x0009f000-0x0009ffff]
[  0.000000]M:Registered nosave memory: [mem 0x000a0000-0x000effff]
[    0.000000] PM: Registered nosave memory: [mem 0x000f0000-0x000fffff]
[    0.00000] PM: Registered nosave memory: [mem 0xdfff0000-0xdfffffff]
[  00000 PM: egisered osav mor: me0xe00000-0fffff]
[    0.000000] PM: Registered nosave memory: [mem 0xfffc0000-0xffffffff]
[    0.00000] e820: [mem 0xe0000000-0ffffff ailable for PCI devices
[  0000000] Bootig aravirtualized kernel on KVM
[    00000]clksource: refind-iffes msk: 0xffffffff max_cycles: 0xfffffff, ax_idle_ns 75519600211568 ns
[    0.000000] setup_percpu: NR_CPUS:512 nr_cpumask_bits:512 nr_cpu_ids:2 nr_node_ids:1
[    0.000000] PRC: Embedded 34 pages/cp @ff88011f0000 s95 r812 3128 u1048576
[    0.000000] PV qspinlock hash table entries: 256 (order: 0, 4096 bytes)
[  0000000] Built 1 zonelists in Node rd, obiltygrpig on.  Total pages: 1032056
[    0.000000] Policy zone: Normal
[  0000000]erel cmmd ine: BOOT_IMAGE=/boot/vmlinuz-4.4.0-128-generic root=LABEL=cloudimg-rootfs ro console=tty1 console=ttyS0
[    0.000000] PID hash table entries: 4096 (order: 3, 32768 bytes)
[    0.000000] Memory: 4032128K/4193848K available (8541K kernel code, 1313K rwdata, 4000K rodata, 152K iit136K bss, 161720K reserved, 0K cma-reserved)
[    0.00000] UB: HWalign=64, Order=0-3, MinObjects=0, CPUs=2, Nodes=1
[    0.000000] Kernel/User page tables isolation: enabled
[    0.000000] Hierarchical RCU implementation.
[    0.000000] 	Build-time adjustment of leaf fanout to 64.
[    0.000000] 	RCU restricting CPUs from NR_CPUS=512 to nr_cpu_ids=2.
[    0.000000] RCU: Adjusting geometry for rcu_fanout_leaf=64, nr_cpu_ids=2
[    0.000000] NR_IRQS:33024 nr_irqs:440 16
[    0.000000] Console: coour V+ 0x25[    0.000] conso [ty1] enabled
[    0.0000] console [ttyS0] enabled
[  0000000] tsc: Detected 2594.088 MHz processor
[    9.059487] Calibrating delay loop (skipped) preset value.. 5188.17 BogoMIPS (lpj=10376352)
[    9.085553] pid_max: default: 32768 minimum: 301
[    9.097936] ACPI: Core revision 20150930
[    9.105652] ACPI: 2 ACPI AML tables successfully acquired and loaded
[    9.161258] Security Framework initialized
[    9.185759] Yama: becoming mindful.
[    9.197392] AppArmor: AppArmor initialized
[    9.206204] Dentry cache hash table entries: 524288 (order: 10, 4194304 bytes)
[    9.241476] Inode-cache hash table entries: 262144 (order: 9, 2097152 bytes)
[    9.285186] Mount-cache hash table entries: 8192 (order: 4, 65536 bytes)
[    9.293811] Mountpoint-cache hash table entries: 8192 (order: 4, 65536 bytes)
[    9.303486] Initializing cgroup subsys io
[    9.310650] Initializing cgroup subsys memory
[    9.319379] Initializing cgroup subsys devices
[    9.325709] Initializing cgroup subsys freezer
[    9.333768] Initializing cgroup subsys net_cls
[    9.350798] Initializing cgroup subsys perf_event
[    9.352300] Initializing cgroup subsys net_prio
[    9.353790] Initializing cgroup subsys hugetlb
[    9.367296] Initializing cgroup subsys pids
[    9.379878] CPU: Physical Processor ID: 0
[    9.382542] CPU: Processor Core ID: 0
[    9.409509] mce: CPU supports 0 MCE banks
[    9.443282] Last level iTLB entries: 4KB 512, 2MB 8, 4MB 8
[    9.470356] Last level dTLB entries: 4KB 512, 2MB 32, 4MB 32, 1GB 0
[    9.490190] Spectre V2 : Mitigation: Full generic retpoline
[    9.541629] Spectre V2 : Speculation control IBPB not-supported IBRS not-supported
[    9.558698] Speculative Store Bypass: Vulnerable
[    9.564043] Freeing SMP alternatives memory: 32K
[    9.579278] ftrace: allocating 32236 entries in 126 pages
[    9.647711] smpboot: APIC(0) Converting physical 0 to logical package 0
[    9.662898] smpboot: Max logical packages: 1
[    9.710496] ..TIMER: vector=0x30 apic1=0 pin1=2 apic2=-1 pin2=-1
[    9.853166] smpboot: CPU0: Intel(R) Core(TM) i7-3720QM CPU @ 2.60GHz (family: 0x6, model: 0x3a, stepping: 0x9)
[    9.926142] Performance Events: unsupported p6 CPU model 58 no PMU driver, software events only.
[    9.960241] KVM setup paravirtual spinlock
[    9.972218] x86: Booting SMP configuration:
[   10.035593] .... node  #0, CPUs:      #1
[   10.052591] kvm-clock: cpu 1, msr 1:1ffef041, secondary cpu clock
[   10.171867] mce: CPU supports 0 MCE banks
[   10.182527] x86: Booted up 1 node, 2 CPUs
[   10.195472] smpboot: Total of 2 processors activated (10376.35 BogoMIPS)
[   10.208857] devtmpfs: initialized
[   10.217782] evm: security.selinux
[   10.238776] evm: security.SMACK64
[   10.247160] evm: security.SMACK64EXEC
[   10.262624] evm: security.SMACK64TRANSMUTE
[   10.282112] evm: security.SMACK64MMAP
[   10.324542] evm: security.ima
[   10.344745] evm: security.capability
[   10.351964] clocksource: jiffies: mask: 0xffffffff max_cycles: 0xffffffff, max_idle_ns: 7645041785100000 ns
[   10.400459] futex hash table entries: 512 (order: 3, 32768 bytes)
[   10.413615] pinctrl core: initialized pinctrl subsystem
[   10.492219] RTC time: 22:02:59, date: 06/23/18
[   10.527533] NET: Registered protocol family 16
[   10.558356] cpuidle: using governor ladder
[   10.574011] cpuidle: using governor menu
[   10.580714] PCCT header not found.
[   10.599845] ACPI: bus type PCI registered
[   10.629456] acpiphp: ACPI Hot Plug PCI Controller Driver version: 0.5
[   10.646022] PCI: Using configuration type 1 for base access
[   10.679896] ACPI: Added _OSI(Module Device)
[   10.686949] ACPI: Added _OSI(Processor Device)
[   10.710369] ACPI: Added _OSI(3.0 _SCP Extensions)
[   10.751927] ACPI: Added _OSI(Processor Aggregator Device)
[   10.754464] ACPI: Executed 1 blocks of module-level executable AML code
[   10.867324] ACPI: Interpreter enabled
[   10.887701] ACPI: (supports S0 S5)
[   10.914673] ACPI: Using IOAPIC for interrupt routing
[   10.922960] PCI: Using host bridge windows from ACPI; if necessary, use "pci=nocrs" and report a bug
[   11.013851] ACPI: PCI Root Bridge [PCI0] (domain 0000 [bus 00-ff])
[   11.074590] acpi PNP0A03:00: _OSC: OS supports [ASPM ClockPM Segments MSI]
[   11.120498] acpi PNP0A03:00: _OSC failed (AE_NOT_FOUND); disabling ASPM
[   11.129134] acpi PNP0A03:00: fail to add MMCONFIG information, can't access extended PCI configuration space under this bridge.
[   11.209636] PCI host bridge to bus 0000:00
[   11.283774] pci_bus 0000:00: root bus resource [io  0x0000-0x0cf7 window]
[   11.338682] pci_bus 0000:00: root bus resource [io  0x0d00-0xffff window]
[   11.368450] pci_bus 0000:00: root bus resource [mem 0x000a0000-0x000bffff window]
[   11.432384] pci_bus 0000:00: root bus resource [mem 0xe0000000-0xffdfffff window]
[   11.475154] pci_bus 0000:00: root bus resource [bus 00-ff]
[   11.518697] pci 0000:00:01.1: legacy IDE quirk: reg 0x10: [io  0x01f0-0x01f7]
[   11.570288] pci 0000:00:01.1: legacy IDE quirk: reg 0x14: [io  0x03f6]
[   11.579966] pci 0000:00:01.1: legacy IDE quirk: reg 0x18: [io  0x0170-0x0177]
[   11.641815] pci 0000:00:01.1: legacy IDE quirk: reg 0x1c: [io  0x0376]
[   11.719311] ACPI: PCI Interrupt Link [LNKA] (IRQs 5 9 10 11) *0, disabled.
[   11.751563] ACPI: PCI Interrupt Link [LNKB] (IRQs 5 9 10 *11)
[   11.772619] ACPI: PCI Interrupt Link [LNKC] (IRQs 5 9 *10 11)
[   11.775002] ACPI: PCI Interrupt Link [LNKD] (IRQs 5 *9 10 11)
[   11.818866] ACPI: Enabled 2 GPEs in block 00 to 07
[   11.847822] vgaarb: setting as boot device: PCI:0000:00:02.0
[   11.863014] vgaarb: device added: PCI:0000:00:02.0,decodes=io+mem,owns=io+mem,locks=none
[   11.912834] vgaarb: loaded
[   11.923243] vgaarb: bridge control possible 0000:00:02.0
[   11.933009] SCSI subsystem initialized
[   11.950108] ACPI: bus type USB registered
[   11.959132] usbcore: registered new interface driver usbfs
[   12.016945] usbcore: registered new interface driver hub
[   12.068295] usbcore: registered new device driver usb
[   12.082347] PCI: Using ACPI for IRQ routing
[   12.132753] NetLabel: Initializing
[   12.170546] NetLabel:  domain hash size = 128
[   12.244169] NetLabel:  protocols = UNLABELED CIPSOv4
[   12.298877] NetLabel:  unlabeled traffic allowed by default
[   12.344468] amd_nb: Cannot enumerate AMD northbridges
[   12.360936] clocksource: Switched to clocksource kvm-clock
[   139694] AppArmor: ApAror FiesystemEnbl
  12.675728] pnp: PnP ACPI init
[  12.74374]npPnAC: un4 vis
[   13.228188] clocksource: acpi_pm: mask: 0xffffff max_cycles: 0xffffff, max_idle_ns: 2085701024 ns
[   13.372890] NET: Registered protocol family 2
[   13.411185] TCP established hash table entries: 32768 (order: 6, 262144 bytes)
[   13.491852] TCP bind hash table entries: 32768 (order: 7, 524288 bytes)
[   13.530797] TCP: Hash tables configured (established 32768 bind 32768)
[   13.561020] UDP hash table entries: 2048 (order: 4, 65536 bytes)
[   13.606192] UDP-Lite hash table entries: 2048 (order: 4, 65536 bytes)
[   13.624503] NET: Registered protocol family 1
[   13.644186] pci 0000:00:00.0: Limiting direct PCI/PCI transfers
[   13.654951] pci 0000:00:01.0: Activating ISA DMA hang workarounds
[   13.656961] Unpacking initramfs...
[   .393 Fei itrmery: 0904K
  5.808] PCI-DMA: Ungsowa bncbuerg r  (IOB)
[ 16.545812] software IO TLB [mem 0xdbff0000-0xdfff0000] (64MB) mapped at [ffff8800dbff0000-ffff8800dffeffff]
[   .617 RAPL PMU detected, API unit is 2^-32 Joules, 3 fixed counters 10737418240 ms ovfl timer
[   16.782837] hw unit of domain pp0-core 2^-0 Joules
[   16.784800] hw uni o daipakae ^- Jules
[   17.1040 hun odoinp1pu^-Joles
[   .643] lafo r_cs:egteedplfo R dic(nPNdeceou)  18.644497] tsc: Refined TSC clocksouce calibatn:59.0 M
[   19369]loksrc t: sk0xffffffffaxcyles:0x6498d7, max_idle_ns: 440795327688 ns

[   9.375]cainfolomemory corupton every 60 seconds
[   19.037340] audit: initializing netlink subsys (disabled)
[   19.037353] audit: type=2000 audit(1529791381.565:1): initialized
[   19.037605] Initialise system trusted keyring
[   19.037726] HugeTLB registered 2 MB page size, pre-allocated 0 pages
[   19.038886] zbud: loaded
[   19.039142] VFS: Disk quotas dquot_6.6.0
[   19.039167] VFS: Dquot-cache hash table entries: 512 (order 0, 4096 bytes)
[   19.039373] squashfs: version 4.0 (2009/01/31) Phillip Lougher
[   19.039618] fuse init (API version 7.23)
[   19.039723] Key type big_key registered
[   19.039741] Allocating IMA MOK and blacklist keyrings.
[   19.039969] Key type asymmetric registered
[   19.039976] Asymmetric key parser 'x509' registered
[   19.040004] Block layer SCSI generic (bsg) driver version 0.4 loaded (major 249)
[   19.040024] io scheduler noop registered
[   19.040026] io scheduler deadline registered (default)
[   19.040053] io scheduler cfq registered
[   19.040129] pci_hotplug: PCI Hot Plug PCI Core version: 0.5
[   19.040133] pciehp: PCI Express Hot Plug Controller Driver version: 0.4
[   19.040508] ACPI: AC Adapter [AC] (on-line)
[   19.040556] input: Power Button as /devices/LNXSYSTM:00/LNXPWRBN:00/input/input0
[   19.040558] ACPI: Power Button [PWRF]
[   19.040689] input: Sleep Button as /devices/LNXSYSTM:00/LNXSLPBN:00/input/input1
[   19.040691] ACPI: Sleep Button [SLPF]
[   19.040855] GHES: HEST is not enabled!
[   19.040921] Serial: 8250/16550 driver, 32 ports, IRQ sharing enabled
[   19.955426] 00:03: ttyS0 at I/O 0x3f8 (irq = 4, base_baud = 115200) is a 16550A
[   20.386387] Linux agpgart interface v0.103
[   20.410502] loop: module loaded
[   20.411070] scsi host0: ata_piix
[   20.411124] scsi host1: ata_piix
[   20.411153] ata1: PATA max UDMA/33 cmd 0x1f0 ctl 0x3f6 bmdma 0xd000 irq 14
[   20.411153] ata2: PATA max UDMA/33 cmd 0x170 ctl 0x376 bmdma 0xd008 irq 15
[   20.411219] libphy: Fixed MDIO Bus: probed
[   20.411220] tun: Universal TUN/TAP device driver, 1.6
[   20.411221] tun: (C) 1999-2004 Max Krasnyansky <maxk@qualcomm.com>
[   20.411254] PPP generic driver version 2.4.2
[   20.411306] ehci_hcd: USB 2.0 'Enhanced' Host Controller (EHCI) Driver
[   20.411310] ehci-pci: EHCI PCI platform driver
[   20.411323] ehci-platform: EHCI generic platform driver
[   20.411329] ohci_hcd: USB 1.1 'Open' Host Controller (OHCI) Driver
[   20.411332] ohci-pci: OHCI PCI platform driver
[   20.411339] ohci-platform: OHCI generic platform driver
[   20.411346] uhci_hcd: USB Universal Host Controller Interface driver
[   20.411397] i8042: PNP: PS/2 Controller [PNP0303:PS2K,PNP0f03:PS2M] at 0x60,0x64 irq 1,12
[   20.413067] ACPI: Battery Slot [BAT0] (battery present)
[   20.451474] serio: i8042 KBD port at 0x60,0x64 irq 1
[   20.451481] serio: i8042 AUX port at 0x60,0x64 irq 12
[   20.451610] mousedev: PS/2 mouse device common for all mice
[   20.451992] rtc_cmos rtc_cmos: rtc core: registered rtc_cmos as rtc0
[   20.452049] rtc_cmos rtc_cmos: alarms up to one day, 114 bytes nvram
[   20.452056] i2c /dev entries driver
[   20.452112] device-mapper: uevent: version 1.0.3
[   20.452185] device-mapper: ioctl: 4.34.0-ioctl (2015-10-28) initialised: dm-devel@redhat.com
[   20.452204] ledtrig-cpu: registered to indicate activity on CPUs
[   20.452531] NET: Registered protocol family 10
[   20.452780] NET: Registered protocol family 17
[   20.452791] Key type dns_resolver registered
[   20.454842] registered taskstats version 1
[   20.454859] Loading compiled-in X.509 certificates
[   20.455493] Loaded X.509 cert 'Build time autogenerated kernel key: fc7b57a7df019f2655f66a8a374d74ee8f4999fc'
[   20.455514] zswap: loaded using pool lzo/zbud
[   20.457498] Key type trusted registered
[   20.460524] Key type encrypted registered
[   20.460529] AppArmor: AppArmor sha1 policy hashing enabled
[   20.460532] ima: No TPM chip found, activating TPM-bypass!
[   20.460592] evm: HMAC attrs: 0x1
[   20.460958]   Magic number: 6:26:48
[   20.540225] rtc_cmos rtc_cmos: setting system clock to 2018-06-23 22:03:09 UTC (1529791389)
[   20.540393] BIOS EDD facility v0.16 2004-Jun-25, 0 devices found
[   20.540394] EDD information not available.
[   20.728535] input: AT Translated Set 2 keyboard as /devices/platform/i8042/serio0/input/input2
[   22.511712] Freeing unused kernel memory: 1512K
[   22.529252] Write protecting the kernel read-only data: 14336k
[   22.543545] Freeing unused kernel memory: 1688K
[   22.556550] Freeing unused kernel memory: 96K
Loading, please wait...
starting version[   22.589673] random: systemd-udevd: uninitialized urandom read (16 bytes read, 4 bits of entropy available)
 229
[   22.590407] random: udevadm: uninitialized urandom read (16 bytes read, 4 bits of entropy available)
[   22.590435] random: udevadm: uninitialized urandom read (16 bytes read, 4 bits of entropy available)
[   22.605272] random: udevadm: uninitialized urandom read (16 bytes read, 4 bits of entropy available)
[   22.605329] random: udevadm: uninitialized urandom read (16 bytes read, 4 bits of entropy available)
[   22.605536] random: udevadm: uninitialized urandom read (16 bytes read, 4 bits of entropy available)
[   22.605614] random: udevadm: uninitialized urandom read (16 bytes read, 4 bits of entropy available)
[   22.605692] random: udevadm: uninitialized urandom read (16 bytes read, 4 bits of entropy available)
[   22.605772] random: udevadm: uninitialized urandom read (16 bytes read, 4 bits of entropy available)
[   22.605853] random: udevadm: uninitialized urandom read (16 bytes read, 4 bits of entropy available)
[   24.109702] e1000: Intel(R) PRO/1000 Network Driver - version 7.3.21-k8-NAPI
[   24.136475] e1000: Copyright (c) 1999-2006 Intel Corporation.
[   24.243715] Fusion MPT base driver 3.04.20
[   24.252194] Copyright (c) 1999-2008 LSI Corporation
[   24.257843] AVX version of gcm_enc/dec engaged.
[   24.273526] AES CTR mode by8 optimization enabled
[   24.438846] input: ImExPS/2 Generic Explorer Mouse as /devices/platform/i8042/serio1/input/input4
[   24.532517] Fusion MPT SPI Host driver 3.04.20
[   24.850299] e1000 0000:00:03.0 eth0: (PCI:33MHz:32-bit) 02:dd:f6:ca:b5:3d
[   25.012594] e1000 0000:00:03.0 eth0: Intel(R) PRO/1000 Network Connection
[   25.188446] e1000 0000:00:03.0 enp0s3: renamed from eth0
[   25.203896] mptbase: ioc0: Initiating bringup
[   25.480749] ioc0: LSI53C1030 A0: Capabilities={Initiator}
[   26.796014] scsi host2: ioc0: LSI53C1030 A0, FwRev=00000000h, Ports=1, MaxQ=256, IRQ=20
[   27.301134] scsi 2:0:0:0: Direct-Access     VBOX     HARDDISK         1.0  PQ: 0 ANSI: 5
[   27.952665] scsi target2:0:0: Beginning Domain Validation
[   28.287825] scsi target2:0:0: Domain Validation skipping write tests
[   28.308005] scsi target2:0:0: Ending Domain Validation
[   28.347225] scsi target2:0:0: asynchronous
[   28.380611] scsi 2:0:1:0: Direct-Access     VBOX     HARDDISK         1.0  PQ: 0 ANSI: 5
[   28.407665] scsi target2:0:1: Beginning Domain Validation
[   28.410783] scsi target2:0:1: Domain Validation skipping write tests
[   28.790925] scsi target2:0:1: Ending Domain Validation
[   28.945220] scsi target2:0:1: asynchronous
[   29.305625] sd 2:0:0:0: Attached scsi generic sg0 type 0
[   29.305650] sd 2:0:0:0: [sda] 20971520 512-byte logical blocks: (10.7 GB/10.0 GiB)
[   29.391471] sd 2:0:0:0: [sda] Write Protect is off
[   29.392049] sd 2:0:1:0: Attached scsi generic sg1 type 0
[   29.392397] sd 2:0:1:0: [sdb] 20480 512-byte logical blocks: (10.5 MB/10.0 MiB)
[   29.392685] sd 2:0:1:0: [sdb] Write Protect is off
[   29.392889] sd 2:0:1:0: [sdb] Incomplete mode parameter data
[   29.392890] sd 2:0:1:0: [sdb] Assuming drive cache: write through
[   29.395180] sd 2:0:1:0: [sdb] Attached SCSI disk
[   30.282256] sd 2:0:0:0: [sda] Incomplete mode parameter data
[   30.294246] sd 2:0:0:0: [sda] Assuming drive cache: write through
[   30.313973]  sda: sda1
[   30.322364] sd 2:0:0:0: [sda] Attached SCSI disk
Begin: Loading essential drivers[   31.735594] md: linear personality registered for level -1
 ... [   31.790484] md: multipath personality registered for level -4
[   31.844039] md: raid0 personality registered for level 0
[   31.855591] md: raid1 personality registered for level 1
[   32.006170] raid6: sse2x1   gen()  9743 MB/s
[   32.153262] raid6: sse2x1   xor()  6989 MB/s
[   32.369497] raid6: sse2x2   gen() 10837 MB/s
[   32.552995] raid6: sse2x2   xor()  6770 MB/s
[   32.633347] raid6: sse2x4   gen() 12782 MB/s
[   32.737185] raid6: sse2x4   xor()  8907 MB/s
[   32.900702] raid6: using algorithm sse2x4 gen() 12782 MB/s
[   33.025135] raid6: .... xor() 8907 MB/s, rmw enabled
[   33.122553] raid6: using ssse3x2 recovery algorithm
[   33.169909] xor: automatically using best checksumming function:
[   33.225434]    avx       : 18440.000 MB/sec
[   33.246373] async_tx: api initialized (async)
[   33.329663] md: raid6 personality registered for level 6
[   33.378403] md: raid5 personality registered for level 5
[   33.541907] md: raid4 personality registered for level 4
[   33.618095] md: raid10 personality registered for level 10
done.
Begin: Running /scripts/init-premount ... done.
Begin: Mounting root file system ... Begin: Running /scripts/local-top ... do[   33.688498] Btrfs loaded
ne.
Begin: Running /scripts/local-premount ... Scanning for Btrfs filesystems
done.
Warning: fsck not present, so skipping root file system
[   33.733920] EXT4-fs (sda1): mounted filesystem with ordered data mode. Opts: (null)
done.
Begin: Running /scripts/local-bottom ... done.
Begin: Running /scripts/init-bottom ... done.
[   33.836201] systemd[1]: systemd 229 running in system mode. (+PAM +AUDIT +SELINUX +IMA +APPARMOR +SMACK +SYSVINIT +UTMP +LIBCRYPTSETUP +GCRYPT +GNUTLS +ACL +XZ -LZ4 +SECCOMP +BLKID +ELFUTILS +KMOD -IDN)
[   34.191594] systemd[1]: Detected virtualization oracle.
[   34.340235] systemd[1]: Detected architecture x86-64.

Welcome to [1mUbuntu 16.04.4 LTS[0m!

[   34.466568] systemd[1]: Set hostname to <ubuntu>.
[   34.526765] systemd[1]: Initializing machine ID from random generator.
[   34.737426] systemd[1]: Installed transient /etc/machine-id file.
[   34.942538] systemd[1]: Started Trigger resolvconf update for networkd DNS.
[[0;32m  OK  [0m] Started Trigger resolvconf update for networkd DNS.
[   35.058333] systemd[1]: Listening on Device-mapper event daemon FIFOs.
[[0;32m  OK  [0m] Listening on Device-mapper event daemon FIFOs.
[   35.337777] systemd[1]: Listening on Journal Socket.
[[0;32m  OK  [0m] Listening on Journal Socket.
[   35.533513] systemd[1]: Listening on LVM2 poll daemon socket.
[[0;32m  OK  [0m] Listening on LVM2 poll daemon socket.
[   35.721698] systemd[1]: Reached target Encrypted Volumes.
[[0;32m  OK  [0m] Reached target Encrypted Volumes.
[   35.761804] systemd[1]: Listening on LVM2 metadata daemon socket.
[[0;32m  OK  [0m] Listening on LVM2 metadata daemon socket.
[   35.841489] systemd[1]: Listening on udev Control Socket.
[[0;32m  OK  [0m] Listening on udev Control Socket.
[   35.909971] systemd[1]: Created slice User and Session Slice.
[[0;32m  OK  [0m] Created slice User and Session Slice.
[   35.970255] systemd[1]: Set up automount Arbitrary Executable File Formats File System Automount Point.
[[0;32m  OK  [0m] Set up automount Arbitrary Executab...ats File System Automount Point.
[   36.241860] systemd[1]: Reached target User and Group Name Lookups.
[[0;32m  OK  [0m] Reached target User and Group Name Lookups.
[   36.402033] systemd[1]: Reached target Swap.
[[0;32m  OK  [0m] Reached target Swap.
[   36.558242] systemd[1]: Listening on Journal Audit Socket.
[[0;32m  OK  [0m] Listening on Journal Audit Socket.
[   36.701637] systemd[1]: Listening on /dev/initctl Compatibility Named Pipe.
[[0;32m  OK  [0m] Listening on /dev/initctl Compatibility Named Pipe.
[   36.938437] systemd[1]: Listening on Syslog Socket.
[[0;32m  OK  [0m] Listening on Syslog Socket.
[   36.993436] systemd[1]: Started Forward Password Requests to Wall Directory Watch.
[[0;32m  OK  [0m] Started Forward Password Requests to Wall Directory Watch.
[   37.053560] systemd[1]: Reached target System Time Synchronized.
[[0;32m  OK  [0m] Reached target System Time Synchronized.
[   37.217684] systemd[1]: Listening on Journal Socket (/dev/log).
[[0;32m  OK  [0m] Listening on Journal Socket (/dev/log).
[   37.298474] systemd[1]: Listening on udev Kernel Socket.
[[0;32m  OK  [0m] Listening on udev Kernel Socket.
[   37.558252] systemd[1]: Created slice System Slice.
[[0;32m  OK  [0m] Created slice System Slice.
[   37.685722] systemd[1]: Starting Uncomplicated firewall...
         Starting Uncomplicated firewall...
[   37.897348] systemd[1]: Starting Load Kernel Modules...
[   380281 Ladg CStrspt la v0-70

         Startin[   38.600012] random: nonblocking pool is initialized
g Load Kernel Modules...
[   38.613108] iscsi: registered transport (tcp)
[   39.689313] systemd[1]: Starting Create list of required static device nodes for the current kernel...
         Starting Create list of required st... [   39.800411] iscsi: registered transport (iser)
nodes for the current kernel...
[   39.913784] systemd[1]: Starting Nameserver information manager...
         Starting Nameserver information manager...
[   40.193222] systemd[1]: Starting Set console keymap...
         Starting Set console keymap...
[   40.238593] systemd[1]: Mounting Huge Pages File System...
         Mounting Huge Pages File System...
[   40.361307] systemd[1]: Starting Monitoring of LVM2 mirrors, snapshots etc. using dmeventd or progress polling...
         Starting Monitoring of LVM2 mirrors... dmeventd or progress polling...
[   40.593861] systemd[1]: Starting Journal Service...
         Starting Journal Service...
[   40.713560] systemd[1]: Mounting Debug File System...
         Mounting Debug File System...
[   40.873623] systemd[1]: Starting Remount Root and Kernel File Systems...
[   40.877310] EXT4-fs (sda1): re-mounted. Opts: (null)
         Starting Remount Root and Kernel File Systems...
[   41.057368] systemd[1]: Mounting POSIX Message Queue File System...
         Mounting POSIX Message Queue File System...
[   41.214341] systemd[1]: Created slice system-serial\x2dgetty.slice.
[[0;32m  OK  [0m] Created slice system-serial\x2dgetty.slice.
[   41.301871] systemd[1]: Reached target Slices.
[[0;32m  OK  [0m] Reached target Slices.
[   41.406702] systemd[1]: Mounted POSIX Message Queue File System.
[[0;32m  OK  [0m] Mounted POSIX Message Queue File System.
[   41.457460] systemd[1]: Mounted Huge Pages File System.
[[0;32m  OK  [0m] Mounted Huge Pages File System.
[   41.489517] systemd[1]: Mounted Debug File System.
[[0;32m  OK  [0m] Mounted Debug File System.
[   41.521880] systemd[1]: Started Journal Service.
[[0;32m  OK  [0m] Started Journal Service.
[[0;32m  OK  [0m] Started Uncomplicated firewall.
[[0;32m  OK  [0m] Started Load Kernel Modules.
[[0;32m  OK  [0m] Started Create list of required sta...ce nodes for the current kernel.
[[0;32m  OK  [0m] Started Set console keymap.
[[0;32m  OK  [0m] Started Remount Root and Kernel File Systems.
[[0;32m  OK  [0m] Started Nameserver information manager.
[[0;32m  OK  [0m] Started LVM2 metadata daemon.
         Starting udev Coldplug all Devices...
         Starting Load/Save Random Seed...
         Starting Create Static Device Nodes in /dev...
         Starting Apply Kernel Variables...
         Mounting FUSE Control File System...
         Starting Flush Journal to Persistent Storage...
[[0;32m  OK  [0m] Mounted FUSE Control File System.
[[0;32m  OK  [0m] Started Monitoring of LVM2 mirrors,...ng dmeventd or progress polling.
[[0;32m  OK  [0m] Started Load/Save Random Seed.
[[0;32m  OK  [0m] Started Create Static Device Nodes in /dev.
[[0;32m  OK  [0m] Started Apply Kernel Variables.
[[0;32m  OK  [0m] Started udev Coldplug all Devices.
[[0;32m  OK  [0m] Started Flush Journal to Persistent Storage.
         Starting udev Kernel Device Manager...
[[0;32m  OK  [0m] Started udev Kernel Device Manager.
[[0;32m  OK  [0m] Reached target Local File Systems (Pre).
[[0;32m  OK  [0m] Reached target Local File Systems.
         Starting Initial cloud-init job (pre-networking)...
         Starting Create Volatile Files and Directories...
         Starting Tell Plymouth To Write Out Runtime Data...
         Starting Commit a transient machine-id on disk...
         Starting Set console font and keymap...
         Starting LSB: AppArmor initialization...
[[0;32m  OK  [0m] Started Dispatch Password Requests to Console Directory Watch.
[[0;32m  OK  [0m] Started Create Volatile Files and Directories.
[[0;32m  OK  [0m] Started Tell Plymouth To Write Out Runtime Data.
[[0;32m  OK  [0m] Started Commit a transient machine-id on disk.
[[0;32m  OK  [0m] Found device /dev/ttyS0.
         Starting Update UTMP about System Boot/Shutdown...
[[0;32m  OK  [0m] Started Update UTMP about System Boot/Shutdown.
[[0;32m  OK  [0m] Listening on Load/Save RF Kill Switch Status /dev/rfkill Watch.
[   32.241865] cloud-init[467]: Cloud-init v. 18.2 running 'init-local' at Sat, 23 Jun 2018 22:03:32 +0000. Up 31.72 seconds.
[[0;32m  OK  [0m] Started LSB: AppArmor initialization.
[[0;32m  OK  [0m] Started Initial cloud-init job (pre-networking).
[[0;32m  OK  [0m] Started Set console font and keymap.
[[0;32m  OK  [0m] Created slice system-getty.slice.
[[0;32m  OK  [0m] Reached target Network (Pre).
         Starting Raise network interfaces...
[[0;32m  OK  [0m] Started Raise network interfaces.
         Starting Initial cloud-init job (metadata service crawler)...
[[0;32m  OK  [0m] Reached target Network.
[   34.109905] cloud-init[950]: Cloud-init v. 18.2 running 'init' at Sat, 23 Jun 2018 22:03:34 +0000. Up 33.52 seconds.
[[0;32m  OK  [0m] Started Initial cloud-init job (metadata service crawler).
[   34.188340] cloud-init[950]: ci-info: +++++++++++++++++++++++++++++++++++++Net device info++++++++++++++++++++++++++++++++++++++
[   34.272754] cloud-init[950]: ci-info: +--------+------+----------------------------+---------------+-------+-------------------+
[   34.349249] cloud-init[950]: ci-info: | Device |  Up  |          Address           |      Mask     | Scope |     Hw-Address    |
[[0;32m  OK  [0m] Reached target System Initialization.
[   34.784297] cloud-init[950]: ci-info: +--------+------+----------------------------+---------------+-------+-------------------+
[   34.860940] cloud-init[950]: ci-info: | enp0s3 | True |         10.0.2.15          | 255.255.255.0 |   .   | 02:dd:f6:ca:b5:3d |
         Starting LXD - unix socket.
[   34.957895] cloud-init[950]: ci-info: | enp0s3 | True | fe80::dd:f6ff:feca:b53d/64 |       .       |  link | 02:dd:f6:ca:b5:3d |
[   34.987531] cloud-init[950]: ci-info: |   lo   | True |         127.0.0.1          |   255.0.0.0   |   .   |         .         |
         Starting Socket activation for snappy daemon.
[   34.988061] cloud-init[950]: ci-info: |   lo   | True |          ::1/128           |       .       |  host |         .         |
[   35.186515] cloud-init[950]: [ci-info: +--------+------+----------------------------+---------------+-------+-------------------+[0;32m  OK  [0m
] Listening on D-Bus System Message Bus Socket.
[[   35.187004] cloud-init[950]: ci-info: +++++++++++++++++++++++++++Route IPv4 info++++++++++++++++++++++++++++
[   35.315131] cloud-init[950]: ci-info: +-------+-------------+----------+---------------+-----------+-------+
[0;32m  OK  [0m] Started Daily apt download activities.
[[   35.315695] cloud-init[950]: ci-info: | Route | Destination | Gateway  |    Genmask    | Interface | Flags |
[   35.493461] cloud-init[950]: ci-info: +-------+-------------+----------+---------------+-----------+-------+
[0;32m  OK  [0m] Started Daily apt upgrade and clean activities.
[   35.493831] cloud-init[950]: ci-info: |   0   |   0.0.0.0   | 10.0.2.2 |    0.0.0.0    |   enp0s3  |   UG  |
[   35.693362] cloud-init[950]: ci-info: |   1   |   10.0.2.0  | 0.0.0.0  | 255.255.255.0 |   enp0s3  |   U   |
[   35.694061] cloud-init[950]: [ci-info: +-------+-------------+----------+---------------+-----------+-------+[0;32m  OK  [0m
] Started ACPI Events Check.
[   35.694434] cloud-init[950]: Generating public/private rsa key pair.
[   35.877184] cloud-init[950]: [Your identification has been saved in /etc/ssh/ssh_host_rsa_key.[0;32m  OK  [0m
] Reached target Paths.
[[   35.877614] cloud-init[950]: Your public key has been saved in /etc/ssh/ssh_host_rsa_key.pub.
[0;32m  OK  [0m] Listening on ACPID Listen Socket.
[   35.969766] cloud-init[950]: The key fingerprint is:
[   36.022961] cloud-init[950]: SHA256:0cq94buuuo1jWYRhh/ipKaZ2sWYX3W0GxAeAGkvWkZk root@ubuntu-xenial
[[0;32m  OK  [0m] Listening on UUID daemon activation socket.
[   36.023637] cloud-init[950]: The key's randomart image is:
[[   36.024270] cloud-init[950]: +---[RSA 2048]----+
[   36.061274] cloud-init[950]: |    .o*oo..      |
[0;32m  OK  [0m] Started Daily Cleanup of Temporary Directories.
[   36.061529] cloud-init[950]: |   +.E+ .+ .     |
[   36.174379] cloud-init[950]: |  o +o =o o      |
[[0;32m  OK  [0m] Reached target Timers.
[[   36.174849] cloud-init[950]: |   o  +..=       |
[   36.189771] cloud-init[950]: |     o..S =      |
[0;32m  OK  [0m] Reached target Network is Online.
[   36.190095] cloud-init[950]: |  o.o. ..o *     |
[   36.289478] cloud-init[950]: | o .o .o  =      |
[   36.289947] cloud-init[950]: |.. = .+o   .     |
         Starting iSCSI initiator daemon (iscsid)...
[[   36.290320] cloud-init[950]: |. + ..++oo+.     |
[0;32m  OK  [0m] Reached target Cloud-config availability.
[   36.314036] cloud-init[950]: +----[SHA256]-----+
[   36.433057] cloud-init[950]: Generating public/private dsa key pair.
[   36.433993] [cloud-init[0;32m  OK  [0m[950]: ] Your identification has been saved in /etc/ssh/ssh_host_dsa_key.Listening on LXD - unix socket.

[[0;32m  OK  [0m[   36.434611] ] cloud-initListening on Socket activation for snappy daemon.[950]: 
Your public key has been saved in /etc/ssh/ssh_host_dsa_key.pub.
[   36.552502] cloud-init[950]: The key fingerprint is:
[   36.553061] cloud-init[[950]: [0;32m  OK  [0mSHA256:m0r4VnXb23JPCEQ6ZE2jUp1gOhnLlBQonJ9So87+yMY root@ubuntu-xenial] 
Reached target Sockets.
[[   36.553418] cloud-init[950]: The key's randomart image is:
[   36.656421] cloud-init[950]: +---[DSA 1024]----+
[0;32m  OK  [0m] Reached target Basic System.
[   36.657363] cloud-init[950]: |   . . o=o*=+.   |
[   36.763447] cloud-init[950]: |    + +o.X ++.   |
[   36.784363] [cloud-init[0;32m  OK  [0m[950]: ] |     = oB + .    |Started FUSE filesystem for LXC.

[   36.785191] cloud-init[950]: |    o o  o.o.    |
[   36.848237] cloud-init[950]: |   o .  S. ..o   |
[   36.848738] [cloud-init[0;32m  OK  [0m[950]: ] |    o.  .o  .... |Started Deferred execution scheduler.

[   36.849109] cloud-init[950]: |   o. ..o     .o.|
         [   36.977093] Starting LSB: Record successful boot for GRUB...cloud-init
[950]: |   .E+..      o.o|
[   37.040795] cloud-init[950]: |   .oo+        oo|
[   37.041384] cloud-init[950]: +----[SHA256]-----+
         Starting Apply the settings specified in cloud-config...
[   37.041794] cloud-init[950]: Generating public/private ecdsa key pair.
[   37.136645]          cloud-initStarting Virtualbox guest utils...[950]: 
Your identification has been saved in /etc/ssh/ssh_host_ecdsa_key.
[   37.308512] [cloud-init[0;32m  OK  [0m[950]: ] Your public key has been saved in /etc/ssh/ssh_host_ecdsa_key.pub.Started Unattended Upgrades Shutdown.

[   37.309367] cloud-init[950]: The key fingerprint is:
[   37.444443]          cloud-initStarting LSB: MD monitoring daemon...[950]: 
SHA256:b7VMvLuJ16gZMEgN8qqQHpychdKSdmY1SLXxdnIhIRE root@ubuntu-xenial
[   37.481047]          cloud-initStarting /etc/rc.local Compatibility...[950]: 
The key's randomart image is:
[[0;32m  OK  [0m] Started Regular background program processing daemon.
[   37.523065] cloud-init[950]: +---[ECDSA 256]---+
[   37.582046] cloud-init[950]: |  ..+E+o..       |
[   37.605810] cloud-init[950]: | o...o*o. .      |
[[0;32m  OK  [0m] Started D-Bus System Message Bus.
[   37.630210] cloud-init[950]: |+o.= .o+.o       |
[   37.680499] cloud-init[950]: |=oB  o..+  .     |
[   37.700853] cloud-init[950]: |o*  . . S   +    |
[[0;32m  OK  [0m] Started ACPI event daemon.
[   37.737226] cloud-init[950]: |....     + + o   |
[   37.771090] cloud-init[950]: | ..       + +o   |
         Starting Login Service...
[   37.781226] cloud-init[950]: |         . +oo.  |
[   37.798025] cloud-init[950]: |          +o+.   |
         Starting Snappy daemon...
         Starting Pollinate to seed the pseudo random number generator...
[   37.813277] cloud-init[950]: +----[SHA256]-----+
         Starting System Logging Service...
[   37.894957] cloud-init[950]: Generating public/private ed25519 key pair.
         Starting Accounts Service...
         Starting LXD - container startup/shutdown...
[   37.931779] cloud-init[950]: Your identification has been saved in /etc/ssh/ssh_host_ed25519_key.
[   37.989512] [cloud-init[0;32m  OK  [0m[950]: ] Your public key has been saved in /etc/ssh/ssh_host_ed25519_key.pub.Started System Logging Service.

[[0;32m  OK  [0m] Started Snappy daemon.
[[0;32m  OK  [0m] Started iSCSI initiator daemon (iscsid).
[   37.990294] cloud-init[950]: The key fingerprint is:
[   38.053656] [cloud-init[0;32m  OK  [0m[950]: ] SHA256:ZW0IsHz2yJ8I1HepUTZNzxGx7EJt3T4zsutD3me9k6M root@ubuntu-xenialStarted /etc/rc.local Compatibility.

[   38.054621] [cloud-init[0;32m  OK  [0m[950]: ] The key's randomart image is:Started LXD - container startup/shutdown.

[   38.148590] [cloud-init[0;32m  OK  [0m[950]: ] +--[ED25519 256]--+Started LSB: Record successful boot for GRUB.

[[0;32m  OK  [0m] Started Virtualbox guest utils.
[   38.149465] cloud-init[950]: |      ...   +o.+o|
[   38.264587] [cloud-init[0;32m  OK  [0m[950]: ] |     . o . = o+o=|Started LSB: MD monitoring daemon.

[   38.265645] cloud-init[950]: |      + + * =. ==|
[   38.365594]          cloud-initStarting Login to default iSCSI targets...[950]: 
|     . + * =. o. |
[   38.408808]          cloud-initStarting Wait until snapd is fully seeded...[950]: 
|      . S o  o =.|
[   38.508764] [cloud-init[0;32m  OK  [0m[950]: ] |       . o . .+ +|Started Login Service.

[   38.509643] cloud-init[950]: |        . o o.. o|
[   38.548690] cloud-init[950]: |             o.=+|
[   38.573647] cloud-init[950]: |            .Eoo=|
[   38.592575] [cloud-init[0;32m  OK  [0m[950]: ] +----[SHA256]-----+Started Login to default iSCSI targets.

[   38.602913] cloud-init[1060]: Generating locales (this might take a while)...
[   38.632587] [cloud-init[0;32m  OK  [0m[1060]: ]   en_US.UTF-8... doneReached target Remote File Systems (Pre).

[   38.668692] [cloud-init[0;32m  OK  [0m[1060]: ] Generation complete.Reached target Remote File Systems.

         Starting Permit User Sessions...
         Starting LSB: daemon to balance interrupts for SMP systems...
         Starting LSB: Set the CPU Frequency Scaling governor to "ondemand"...
         Starting LSB: automatic crash report generation...
[[0;32m  OK  [0m] Started Permit User Sessions.
         Starting Terminate Plymouth Boot Screen...
         Starting Hold until boot process finishes up...
[[0;32m  OK  [0m] Started LSB: daemon to balance interrupts for SMP systems.
[[0;32m  OK  [0m] Started LSB: Set the CPU Frequency Scaling governor to "ondemand".
[[0;32m  OK  [0m] Started Pollinate to seed the pseudo random number generator.
[[0;32m  OK  [0m] Started LSB: automatic crash report generation.
[[0;32m  OK  [0m] Started Terminate Plymouth Boot Screen.
[[0;32m  OK  [0m] Started Hold until boot process finishes up.
[   39.106202] cloud-init[1060]: Cloud-init v. 18.2 running 'modules:config' at Sat, 23 Jun 2018 22:03:37 +0000. Up 37.27 seconds.
[[0;32m  OK  [0m] Started Apply the settings specified in cloud-config.
         Starting Set console scheme...
[[0;32m  OK  [0m] Started Getty on tty1.
[[0;32m  OK  [0m] Started Serial Getty on ttyS0.
[[0;32m  OK  [0m] Reached target Login Prompts.
         Starting OpenBSD Secure Shell server...
[[0;32m  OK  [0m] Started OpenBSD Secure Shell server.
[[0;32m  OK  [0m] Started Set console scheme.
[[0;32m  OK  [0m] Created slice User Slice of vagrant.
         Starting User Manager for UID 1000...
[[0;32m  OK  [0m] Started Session 1 of user vagrant.
[[0;32m  OK  [0m] Started User Manager for UID 1000.
[[0;32m  OK  [0m] Started Wait until snapd is fully seeded.
[[0;32m  OK  [0m] Reached target Multi-User System.
         Starting Execute cloud user/final scripts...
         Stopping User Manager for UID 1000...
[[0;32m  OK  [0m] Stopped User Manager for UID 1000.
[[0;32m  OK  [0m] Created slice User Slice of vagrant.
         Starting User Manager for UID 1000...
[[0;32m  OK  [0m] Started User Manager for UID 1000.
[[0;32m  OK  [0m] Started Session 2 of user vagrant.
ci-info: no authorized ssh keys fingerprints found for user ubuntu.
<14>Jun 23 22:03:42 ec2: 
<14>Jun 23 22:03:42 ec2: #############################################################
<14>Jun 23 22:03:42 ec2: -----BEGIN SSH HOST KEY FINGERPRINTS-----
<14>Jun 23 22:03:42 ec2: 1024 SHA256:m0r4VnXb23JPCEQ6ZE2jUp1gOhnLlBQonJ9So87+yMY root@ubuntu-xenial (DSA)
<14>Jun 23 22:03:42 ec2: 256 SHA256:b7VMvLuJ16gZMEgN8qqQHpychdKSdmY1SLXxdnIhIRE root@ubuntu-xenial (ECDSA)
<14>Jun 23 22:03:42 ec2: 256 SHA256:ZW0IsHz2yJ8I1HepUTZNzxGx7EJt3T4zsutD3me9k6M root@ubuntu-xenial (ED25519)
<14>Jun 23 22:03:42 ec2: 2048 SHA256:0cq94buuuo1jWYRhh/ipKaZ2sWYX3W0GxAeAGkvWkZk root@ubuntu-xenial (RSA)
<14>Jun 23 22:03:42 ec2: -----END SSH HOST KEY FINGERPRINTS-----
<14>Jun 23 22:03:42 ec2: #############################################################
-----BEGIN SSH HOST KEY KEYS-----
ecdsa-sha2-nistp256 AAAAE2VjZHNhLXNoYTItbmlzdHAyNTYAAAAIbmlzdHAyNTYAAABBBB70YXhRSGKAQvDPHCqhXP080zGXAIWPInUM2E0q+6U5q/8z1CCK3zfNuW7YmmYcSwfrKazHkD4QGdRWZM2cJPc= root@ubuntu-xenial
ssh-ed25519 AAAAC3NzaC1lZDI1NTE5AAAAID+0vGroDWTRwJnx6ISAlaBRoo8sS04tu1nMSF8reLU7 root@ubuntu-xenial
ssh-rsa AAAAB3NzaC1yc2EAAAADAQABAAABAQDthVgokdZ48eUu10KPB4bMrcnJpuCB5iujj6YINo20jnH3TAG5RuEuxUEH8QAgLxBY8wIgQ6ZRlQXP9T3CSq45jc/ABXe49lG6hwy2Nl84P7C0ihe3HXQv4t400h6Ud/R1cWpRPlMObn5A82bbuhwo7XRfMCA7Y99vMO3WTw/Qv4nIy2j3rObSqMy3pJHuws2ki3wK6QkKyLNkJXbTHlQv4pj2mMEAqUcmz3aHFjH4FJOD2XNGewjfQQZ4P5iXRs58zSOkMUCy8YC6jfURbPPFEHfhm/tihzQAnzg8Xye8iXSQTWRCxRd2NvCDNAkSLHMacP65fDMyHZo7sXOlNcM3 root@ubuntu-xenial
-----END SSH HOST KEY KEYS-----
[   42.156244] cloud-init[1505]: Cloud-init v. 18.2 running 'modules:final' at Sat, 23 Jun 2018 22:03:41 +0000. Up 41.33 seconds.
[[0;32m  OK  [0m] Started Execute cloud user/final scripts.
[   42.211254] cloud-init[1505]: ci-info: no authorized ssh keys fingerprints found for user ubuntu.
[   42.276587] [cloud-init[0;32m  OK  [0m[1505]: ] Cloud-init v. 18.2 finished at Sat, 23 Jun 2018 22:03:42 +0000. Datasource DataSourceNoCloud [seed=/dev/sdb][dsmode=net].  Up 42.14 secondsReached target Cloud-init target.


Ubuntu 16.04.4 LTS ubuntu-xenial ttyS0

ubuntu-xenial login:          Stopping User Manager for UID 10         Stopping Serial Getty on ttyS0...
         Stopping Deferred execution scheduler...
         Stopping Regular background program processing daemon...
[[0;32m  OK  [0m] Stopped Wait until snapd is fully seeded.
         Stopping Snappy daemon...
         Stopping OpenBSD Secure Shell server...
         Stopping D-Bus System Message Bus...
         Stopping FUSE filesystem for LXC...
         Stopping LXD - container startup/shutdown...
         Stopping Virtualbox guest utils...
         Stopping System Logging Service...
         Stopping Docker Application Container Engine...
         Stopping LSB: automatic crash report generation...
         Stopping LSB: daemon to balance interrupts for SMP systems...
         Stopping LSB: Record successful boot for GRUB...
         Stopping LSB: Set up cgroupfs mounts....
         Stopping LSB: MD monitoring daemon...
         Stopping LSB: Set the CPU Frequency Scaling governor to "ondemand"...
         Stopping Authenticate and Authorize Users to Run Privileged Tasks...
[[0;32m  OK  [0m] Unmounted /var/lib/lxcfs.
[[0;32m  OK  [0m] Stopped Deferred execution scheduler.
[[0;32m  OK  [0m] Stopped Regular background program processing daemon.
[[0;32m  OK  [0m] Stopped ACPI event daemon.
[[0;32m  OK  [0m] Stopped Snappy daemon.
[[0;32m  OK  [0m] Stopped System Logging Service.
[[0;32m  OK  [0m] Stopped Accounts Service.
[[0;32m  OK  [0m] Stopped Getty on tty1.
[[0;32m  OK  [0m] Stopped Serial Getty on ttyS0.
[[0;32m  OK  [0m] Stopped OpenBSD Secure Shell server.
[[0;32m  OK  [0m] Stopped Authenticate and Authorize Users to Run Privileged Tasks.
[[0;32m  OK  [0m] Stopped User Manager for UID 1000.
[[0;32m  OK  [0m] Stopped Session 3 of user vagrant.
[[0;32m  OK  [0m] Stopped Unattended Upgrades Shutdown.
[[0;32m  OK  [0m] Stopped D-Bus System Message Bus.
[[0;32m  OK  [0m] Stopped LSB: Set up cgroupfs mounts..
[[0;32m  OK  [0m] Stopped FUSE filesystem for LXC.
[[0;32m  OK  [0m] Stopped Docker Application Container Engine.
[[0;32m  OK  [0m] Stopped LXD - container startup/shutdown.
[[0;32m  OK  [0m] Stopped Virtualbox guest utils.
[[0;32m  OK  [0m] Stopped LSB: automatic crash report generation.
[[0;32m  OK  [0m] Stopped LSB: daemon to balance interrupts for SMP systems.
[[0;32m  OK  [0m] Stopped LSB: Record successful boot for GRUB.
[[0;32m  OK  [0m] Stopped LSB: MD monitoring daemon.
[[0;32m  OK  [0m] Stopped LSB: Set the CPU Frequency Scaling governor to "ondemand".
[[0;32m  OK  [0m] Removed slice User Slice of vagrant.
         Stopping Login Service...
[[0;32m  OK  [0m] Removed slice system-serial\x2dgetty.slice.
[[0;32m  OK  [0m] Stopped /etc/rc.local Compatibility.
[[0;32m  OK  [0m] Removed slice system-getty.slice.
         Stopping Permit User Sessions...
[[0;32m  OK  [0m] Stopped Login Service.
[[0;32m  OK  [0m] Stopped Permit User Sessions.
[[0;32m  OK  [0m] Stopped target Remote File Systems.
[[0;32m  OK  [0m] Stopped target Remote File Systems (Pre).
         Stopping Login to default iSCSI targets...
[[0;32m  OK  [0m] Stopped target Basic System.
[[0;32m  OK  [0m] Stopped target Slices.
[[0;32m  OK  [0m] Removed slice User and Session Slice.
[[0;32m  OK  [0m] Stopped target Paths.
[[0;32m  OK  [0m] Stopped Dispatch Password Requests to Console Directory Watch.
[[0;32m  OK  [0m] Stopped ACPI Events Check.
[[0;32m  OK  [0m] Stopped Forward Password Requests to Wall Directory Watch.
[[0;32m  OK  [0m] Stopped target Sockets.
[[0;32m  OK  [0m] Closed Socket activation for snappy daemon.
[[0;32m  OK  [0m] Closed ACPID Listen Socket.
[[0;32m  OK  [0m] Closed UUID daemon activation socket.
[[0;32m  OK  [0m] Closed LXD - unix socket.
[[0;32m  OK  [0m] Closed Docker Socket for the API.
[[0;32m  OK  [0m] Closed Syslog Socket.
[[0;32m  OK  [0m] Closed D-Bus System Message Bus Socket.
[[0;32m  OK  [0m] Stopped target System Initialization.
[[0;32m  OK  [0m] Stopped target Swap.
         Stopping Load/Save Random Seed...
         Stopping Update UTMP about System Boot/Shutdown...
[[0;32m  OK  [0m] Stopped Commit a transient machine-id on disk.
[[0;32m  OK  [0m] Stopped target Encrypted Volumes.
[[0;32m  OK  [0m] Stopped target User and Group Name Lookups.
[[0;32m  OK  [0m] Stopped Load/Save Random Seed.
[[0;32m  OK  [0m] Stopped Update UTMP about System Boot/Shutdown.
[[0;32m  OK  [0m] Stopped Login to default iSCSI targets.
         Stopping iSCSI initiator daemon (iscsid)...
[[0;32m  OK  [0m] Stopped Create Volatile Files and Directories.
[[0;32m  OK  [0m] Stopped iSCSI initiator daemon (iscsid).
[[0;32m  OK  [0m] Stopped target Network is Online.
[[0;32m  OK  [0m] Stopped Initial cloud-init job (metadata service crawler).
[[0;32m  OK  [0m] Stopped target Network.
         Stopping Raise network interfaces...
[[0;32m  OK  [0m] Stopped Raise network interfaces.
[[0;32m  OK  [0m] Stopped Apply Kernel Variables.
[[0;32m  OK  [0m] Stopped Load Kernel Modules.
[[0;32m  OK  [0m] Stopped target Local File Systems.
         Unmounting /run/user/1000...
         Unmounting /vagrant...
[[0;32m  OK  [0m] Stopped target Network (Pre).
[[0;32m  OK  [0m] Stopped Initial cloud-init job (pre-networking).
[[0;32m  OK  [0m] Unmounted /run/user/1000.
[[0;32m  OK  [0m] Unmounted /vagrant.
[[0;32m  OK  [0m] Reached target Unmount All Filesystems.
[[0;32m  OK  [0m] Stopped target Local File Systems (Pre).
         Stopping Monitoring of LVM2 mirrors... dmeventd or progress polling...
[[0;32m  OK  [0m] Stopped Remount Root and Kernel File Systems.
[[0;32m  OK  [0m] Stopped Create Static Device Nodes in /dev.
[[0;32m  OK  [0m] Reached target Shutdown.
[  538.334344] reboot: Power down
